<?xml version="1.0" encoding="UTF-8"?>
<mxGraphModel dx="1365" dy="719" grid="1" gridSize="10" guides="1" tooltips="1" connect="1" arrows="1" fold="1" page="1" pageScale="1" pageWidth="826" pageHeight="1169" background="#ffffff" math="0" shadow="0"><root><mxCell id="0"/><mxCell id="1" parent="0"/><mxCell id="2" value="input dataset" style="shape=parallelogram;whiteSpace=wrap;html=1;" vertex="1" parent="1"><mxGeometry x="353" y="80" width="120" height="60" as="geometry"/></mxCell><mxCell id="3" value="group by year" style="whiteSpace=wrap;html=1;" vertex="1" parent="1"><mxGeometry x="350" y="200" width="120" height="60" as="geometry"/></mxCell><mxCell id="4" value="output new dataset" style="shape=parallelogram;whiteSpace=wrap;html=1;" vertex="1" parent="1"><mxGeometry x="350" y="320" width="120" height="60" as="geometry"/></mxCell><mxCell id="5" value="" style="endArrow=classic;html=1;exitX=0.442;exitY=1;exitPerimeter=0;" edge="1" parent="1" source="2" target="3"><mxGeometry width="50" height="50" relative="1" as="geometry"><mxPoint x="210" y="190" as="sourcePoint"/><mxPoint x="260" y="140" as="targetPoint"/></mxGeometry></mxCell><mxCell id="6" value="" style="endArrow=classic;html=1;exitX=0.5;exitY=1;entryX=0.5;entryY=0;" edge="1" parent="1" source="3" target="4"><mxGeometry width="50" height="50" relative="1" as="geometry"><mxPoint x="350" y="450" as="sourcePoint"/><mxPoint x="400" y="400" as="targetPoint"/></mxGeometry></mxCell></root></mxGraphModel>