<?xml version="1.0" encoding="UTF-8"?>
<mxGraphModel dx="1365" dy="868" grid="1" gridSize="10" guides="1" tooltips="1" connect="1" arrows="1" fold="1" page="1" pageScale="1" pageWidth="826" pageHeight="1169" background="#ffffff" math="0" shadow="0"><root><mxCell id="0"/><mxCell id="1" parent="0"/><mxCell id="2" value="in" style="whiteSpace=wrap;html=1;fillColor=#dae8fc;strokeColor=#6c8ebf;" vertex="1" parent="1"><mxGeometry x="10" y="10" width="120" height="60" as="geometry"/></mxCell><mxCell id="3" value="" style="endArrow=classic;html=1;exitX=1;exitY=0.5;" edge="1" parent="1" source="2" target="4"><mxGeometry width="50" height="50" relative="1" as="geometry"><mxPoint x="10" y="60" as="sourcePoint"/><mxPoint x="220" y="40" as="targetPoint"/></mxGeometry></mxCell><mxCell id="4" value="fn" style="whiteSpace=wrap;html=1;fillColor=#d5e8d4;strokeColor=#82b366;" vertex="1" parent="1"><mxGeometry x="160" y="10" width="120" height="60" as="geometry"/></mxCell><mxCell id="5" value="" style="endArrow=classic;html=1;exitX=1;exitY=0.5;" edge="1" parent="1" source="4" target="6"><mxGeometry width="50" height="50" relative="1" as="geometry"><mxPoint x="10" y="60" as="sourcePoint"/><mxPoint x="370" y="40" as="targetPoint"/></mxGeometry></mxCell><mxCell id="6" value="out" style="whiteSpace=wrap;html=1;fillColor=#e1d5e7;strokeColor=#9673a6;" vertex="1" parent="1"><mxGeometry x="310" y="10" width="120" height="60" as="geometry"/></mxCell></root></mxGraphModel>