<?xml version="1.0" encoding="UTF-8"?>
<mxGraphModel dx="1365" dy="720" grid="1" gridSize="10" guides="1" tooltips="1" connect="1" arrows="1" fold="1" page="1" pageScale="1" pageWidth="826" pageHeight="1169" background="#ffffff" math="0" shadow="0"><root><mxCell id="0"/><mxCell id="1" parent="0"/><mxCell id="2" value="input" style="whiteSpace=wrap;html=1;" vertex="1" parent="1"><mxGeometry x="340" y="100" width="120" height="60" as="geometry"/></mxCell><mxCell id="3" value="" style="endArrow=classic;html=1;exitX=0.5;exitY=1;entryX=0.5;entryY=0;" edge="1" parent="1" source="2" target="9"><mxGeometry width="50" height="50" relative="1" as="geometry"><mxPoint x="340" y="230" as="sourcePoint"/><mxPoint x="400" y="210" as="targetPoint"/></mxGeometry></mxCell><mxCell id="5" value="" style="endArrow=classic;html=1;exitX=0.5;exitY=1;entryX=0.5;entryY=0;" edge="1" parent="1" source="9" target="10"><mxGeometry width="50" height="50" relative="1" as="geometry"><mxPoint x="410" y="280" as="sourcePoint"/><mxPoint x="400" y="320" as="targetPoint"/></mxGeometry></mxCell><mxCell id="7" value="" style="endArrow=classic;html=1;exitX=0.5;exitY=1;" edge="1" parent="1" source="10" target="8"><mxGeometry width="50" height="50" relative="1" as="geometry"><mxPoint x="400" y="380" as="sourcePoint"/><mxPoint x="400" y="420" as="targetPoint"/></mxGeometry></mxCell><mxCell id="8" value="output" style="whiteSpace=wrap;html=1;" vertex="1" parent="1"><mxGeometry x="340" y="420" width="120" height="60" as="geometry"/></mxCell><mxCell id="9" value="Group by year&lt;br&gt;" style="shape=parallelogram;whiteSpace=wrap;html=1;" vertex="1" parent="1"><mxGeometry x="340" y="213" width="120" height="60" as="geometry"/></mxCell><mxCell id="10" value="Filter by type&lt;br&gt;" style="shape=parallelogram;whiteSpace=wrap;html=1;" vertex="1" parent="1"><mxGeometry x="340" y="320" width="120" height="60" as="geometry"/></mxCell></root></mxGraphModel>