<?xml version="1.0" encoding="UTF-8"?>
<mxGraphModel dx="1365" dy="720" grid="1" gridSize="10" guides="1" tooltips="1" connect="1" arrows="1" fold="1" page="1" pageScale="1" pageWidth="826" pageHeight="1169" background="#ffffff" math="0" shadow="0"><root><mxCell id="0"/><mxCell id="1" parent="0"/><mxCell id="2" value="input" style="whiteSpace=wrap;html=1;" vertex="1" parent="1"><mxGeometry x="340" y="100" width="120" height="60" as="geometry"/></mxCell><mxCell id="3" value="" style="endArrow=classic;html=1;exitX=0.5;exitY=1;" edge="1" parent="1" source="2" target="4"><mxGeometry width="50" height="50" relative="1" as="geometry"><mxPoint x="340" y="230" as="sourcePoint"/><mxPoint x="400" y="200" as="targetPoint"/></mxGeometry></mxCell><mxCell id="4" value="step" style="whiteSpace=wrap;html=1;" vertex="1" parent="1"><mxGeometry x="340" y="210" width="120" height="60" as="geometry"/></mxCell><mxCell id="5" value="" style="endArrow=classic;html=1;exitX=0.5;exitY=1;" edge="1" parent="1" source="4" target="6"><mxGeometry width="50" height="50" relative="1" as="geometry"><mxPoint x="340" y="340" as="sourcePoint"/><mxPoint x="400" y="320" as="targetPoint"/></mxGeometry></mxCell><mxCell id="6" value="output" style="whiteSpace=wrap;html=1;" vertex="1" parent="1"><mxGeometry x="340" y="320" width="120" height="60" as="geometry"/></mxCell></root></mxGraphModel>