<?xml version="1.0" encoding="UTF-8"?>
<mxGraphModel dx="1365" dy="718" grid="1" gridSize="10" guides="1" tooltips="1" connect="1" arrows="1" fold="1" page="1" pageScale="1" pageWidth="826" pageHeight="1169" background="#ffffff" math="0" shadow="0"><root><mxCell id="0"/><mxCell id="1" parent="0"/><mxCell id="2" value="in" style="whiteSpace=wrap;html=1;" vertex="1" parent="1"><mxGeometry x="110" y="290" width="120" height="60" as="geometry"/></mxCell><mxCell id="3" value="fn" style="whiteSpace=wrap;html=1;" vertex="1" parent="1"><mxGeometry x="300" y="290" width="120" height="60" as="geometry"/></mxCell><mxCell id="4" value="out" style="whiteSpace=wrap;html=1;" vertex="1" parent="1"><mxGeometry x="480" y="290" width="120" height="60" as="geometry"/></mxCell><mxCell id="5" value="" style="endArrow=classic;html=1;exitX=1;exitY=0.5;entryX=0;entryY=0.5;" edge="1" source="2" target="3" parent="1"><mxGeometry x="230" y="320" width="50" height="50" as="geometry"><mxPoint x="110" y="420" as="sourcePoint"/><mxPoint x="160" y="370" as="targetPoint"/></mxGeometry></mxCell><mxCell id="6" value="" style="endArrow=classic;html=1;exitX=1;exitY=0.5;" edge="1" source="3" target="4" parent="1"><mxGeometry x="420" y="320" width="50" height="50" as="geometry"><mxPoint x="110" y="420" as="sourcePoint"/><mxPoint x="160" y="370" as="targetPoint"/></mxGeometry></mxCell></root></mxGraphModel>